<?xml version="1.0" encoding="UTF-8"?>
<!-- Generated by org.testng.reporters.JUnitReportReporter -->
<testsuite hostname="akash_anand" name="com.diksha.tst.TestScripts.LoginAPI" tests="20" failures="0" timestamp="17 Dec 2018 08:59:22 GMT" time="27.290" errors="0">
  <testcase name="userValidation" time="0.877" classname="com.diksha.tst.TestScripts.LoginAPI"/>
  <testcase name="userValidation" time="1.147" classname="com.diksha.tst.TestScripts.LoginAPI"/>
  <testcase name="userValidation" time="1.439" classname="com.diksha.tst.TestScripts.LoginAPI"/>
  <testcase name="userValidation" time="0.849" classname="com.diksha.tst.TestScripts.LoginAPI"/>
  <testcase name="userValidation" time="0.832" classname="com.diksha.tst.TestScripts.LoginAPI"/>
  <testcase name="userValidation" time="2.395" classname="com.diksha.tst.TestScripts.LoginAPI"/>
  <testcase name="userValidation" time="0.832" classname="com.diksha.tst.TestScripts.LoginAPI"/>
  <testcase name="userValidation" time="0.848" classname="com.diksha.tst.TestScripts.LoginAPI"/>
  <testcase name="userValidation" time="0.924" classname="com.diksha.tst.TestScripts.LoginAPI"/>
  <testcase name="userValidation" time="4.792" classname="com.diksha.tst.TestScripts.LoginAPI"/>
  <testcase name="userValidation" time="1.134" classname="com.diksha.tst.TestScripts.LoginAPI"/>
  <testcase name="logoutValidation" time="1.153" classname="com.diksha.tst.TestScripts.LoginAPI"/>
  <testcase name="moduleAccessValidation" time="0.001" classname="com.diksha.tst.TestScripts.LoginAPI"/>
  <testcase name="loginStatus" time="0.565" classname="com.diksha.tst.TestScripts.LoginAPI"/>
  <testcase name="userValidation" time="0.958" classname="com.diksha.tst.TestScripts.LoginAPI"/>
  <testcase name="loginAPI" time="0.230" classname="com.diksha.tst.TestScripts.LoginAPI"/>
  <testcase name="userValidation" time="2.492" classname="com.diksha.tst.TestScripts.LoginAPI"/>
  <testcase name="userValidation" time="0.713" classname="com.diksha.tst.TestScripts.LoginAPI"/>
  <testcase name="userValidation" time="1.072" classname="com.diksha.tst.TestScripts.LoginAPI"/>
  <testcase name="userValidation" time="4.037" classname="com.diksha.tst.TestScripts.LoginAPI"/>
</testsuite> <!-- com.diksha.tst.TestScripts.LoginAPI -->
