<?xml version="1.0" encoding="UTF-8"?>
<!-- Generated by org.testng.reporters.JUnitReportReporter -->
<testsuite hostname="akash_anand" name="com.diksha.tst.TestScripts.LoginAPI" tests="20" failures="0" timestamp="17 Dec 2018 06:44:37 GMT" time="35.598" errors="0">
  <testcase name="userValidation" time="1.179" classname="com.diksha.tst.TestScripts.LoginAPI"/>
  <testcase name="userValidation" time="1.175" classname="com.diksha.tst.TestScripts.LoginAPI"/>
  <testcase name="userValidation" time="4.151" classname="com.diksha.tst.TestScripts.LoginAPI"/>
  <testcase name="userValidation" time="1.933" classname="com.diksha.tst.TestScripts.LoginAPI"/>
  <testcase name="loginStatus" time="0.543" classname="com.diksha.tst.TestScripts.LoginAPI"/>
  <testcase name="userValidation" time="0.865" classname="com.diksha.tst.TestScripts.LoginAPI"/>
  <testcase name="userValidation" time="0.895" classname="com.diksha.tst.TestScripts.LoginAPI"/>
  <testcase name="userValidation" time="4.451" classname="com.diksha.tst.TestScripts.LoginAPI"/>
  <testcase name="logoutValidation" time="0.403" classname="com.diksha.tst.TestScripts.LoginAPI"/>
  <testcase name="userValidation" time="2.026" classname="com.diksha.tst.TestScripts.LoginAPI"/>
  <testcase name="moduleAccessValidation" time="0.000" classname="com.diksha.tst.TestScripts.LoginAPI"/>
  <testcase name="userValidation" time="1.957" classname="com.diksha.tst.TestScripts.LoginAPI"/>
  <testcase name="loginAPI" time="0.181" classname="com.diksha.tst.TestScripts.LoginAPI"/>
  <testcase name="userValidation" time="1.255" classname="com.diksha.tst.TestScripts.LoginAPI"/>
  <testcase name="userValidation" time="1.824" classname="com.diksha.tst.TestScripts.LoginAPI"/>
  <testcase name="userValidation" time="1.886" classname="com.diksha.tst.TestScripts.LoginAPI"/>
  <testcase name="userValidation" time="1.091" classname="com.diksha.tst.TestScripts.LoginAPI"/>
  <testcase name="userValidation" time="1.161" classname="com.diksha.tst.TestScripts.LoginAPI"/>
  <testcase name="userValidation" time="2.430" classname="com.diksha.tst.TestScripts.LoginAPI"/>
  <testcase name="userValidation" time="6.192" classname="com.diksha.tst.TestScripts.LoginAPI"/>
</testsuite> <!-- com.diksha.tst.TestScripts.LoginAPI -->
